Sep 21 02:08:06  [info] OI_MOP (::1) op.Login
Sep 21 02:08:57  [info] OI_MOP (::1) op.Login
Sep 21 02:09:30  [info] admin (::1) op.Login
Sep 21 02:11:52  [info] admin (::1) op.UsrMgr.php&action=adduser&login=OI_RREE
Sep 21 02:12:02  [info] OI_RREE (::1) op.Login
Sep 21 02:12:27  [info] OI_MOP (::1) op.Login
Sep 21 02:13:28  [info] admin (::1) op.Login
Sep 21 02:13:48  [info] OI_MOP (::1) op.Login
Sep 21 02:15:36  [info] admin (::1) op.Login
Sep 21 02:15:55  [info] admin (::1) op.AddSubFolder?name=prueba&folderid=9
Sep 21 02:16:00  [info] OI_MOP (::1) op.Login
Sep 21 04:55:31  [info] OI_MOP (::1) op.Login
Sep 21 04:56:06  [info] OI_MOP (::1) op.AddSubFolder?name=prueba2&folderid=9
Sep 21 06:12:20  [info] admin (::1) op.Login
Sep 21 06:15:32  [info] OI_MOP (::1) op.Login
Sep 21 06:15:58  [info] OI_MOP (::1) op.EditFolder?folderid=10
Sep 21 06:16:07  [info] OI_MOP (::1) op.EditFolder?folderid=11
Sep 21 06:17:54  [info] OI_RREE (::1) op.Login
Sep 21 06:18:08  [info] OI_MOP (::1) op.Login
Sep 21 06:18:20  [info] OI_RREE (::1) op.Login
Sep 21 06:19:11  [info] OI_MOP (::1) op.Login
Sep 21 06:20:51  [info] admin (::1) op.Login
Sep 21 06:31:26  [info] OI_MOP (::1) op.AddDocument?name=ACTA1-MOP&folderid=10
Sep 21 06:37:07  [info] admin (::1) op.TriggerWorkflow?documentid=9&version1
Sep 21 06:38:35  [info] admin (::1) op.Settings.php&action=savesettings
Sep 21 06:38:46  [info] guest (::1) out.ViewFolder.php%3Ffolderid%3D1%26showtree%3D1
Sep 21 06:38:53  [info] guest (::1) out.ViewFolder.php%3Ffolderid%3D1%26showtree%3D1
Sep 21 06:41:48  [info] guest (::1) out.ViewFolder.php%3Ffolderid%3D1%26showtree%3D1
Sep 21 06:46:38  [info] guest (::1) out.ViewFolder.php%3Ffolderid%3D1%26showtree%3D1
Sep 21 06:47:00  [info] admin (::1) op.Login
Sep 21 06:47:08  [info] OI_MOP (::1) op.Login
Sep 21 06:47:57  [info] OI_MOP (::1) op.Login
Sep 21 06:48:20  [info] OI_MOP (::1) op.Login
Sep 21 06:48:26  [info] admin (::1) op.Login
Sep 21 06:48:39  [info] admin (::1) op.Settings.php&action=savesettings
Sep 21 06:48:46  [info] admin (::1) op.Login
Sep 21 07:01:54  [info] admin (::1) op.Settings.php&action=savesettings
Sep 21 07:02:15  [info] admin (::1) op.AddSubFolder?name=a&folderid=9
Sep 21 07:02:25  [info] admin (::1) op.Ajax.php?command=movefolder&folderid=11&targetfolderid=12&formtoken=8d3407d2e892e1be561eab363e530a05
Sep 21 07:03:41  [info] admin (::1) op.Ajax.php?command=deletefolder&id=12&formtoken=b17e22856d7b7cff007bbbb3219b9b24
Sep 21 07:16:01  [info] admin (::1) op.Login
Sep 21 07:19:30  [info] admin (::1) op.Login
Sep 21 07:27:01  [info] admin (::1) op.Login
Sep 21 16:59:53  [info] guest (::1) op.Download.php?documentid=9&version=1
Sep 21 19:33:28  [info] admin (::1) op.Login
Sep 21 19:37:13  [info] OI_MOP (::1) op.Login
Sep 21 22:22:29  [info] admin (::1) op.Login
Sep 21 22:30:32  [info] admin (::1) op.Login
Sep 21 22:46:55  [info] admin (::1) op.AddSubFolder?name=Banco Central de reserva&folderid=1
Sep 21 22:48:38  [info] admin (::1) op.UsrMgr.php&action=adduser&login=OI_BCR
Sep 21 22:48:48  [info] OI_BCR (::1) op.Login
Sep 21 22:49:47  [info] OI_MOP (::1) op.Login
Sep 21 22:49:56  [info] OI_BCR (::1) op.Login
Sep 21 22:50:12  [info] admin (::1) op.Login
Sep 21 22:50:40  [info] admin (::1) op.UsrMgr.php&action=edituser&userid=6
Sep 21 22:50:48  [info] OI_BCR (::1) op.Login
Sep 21 22:51:21  [info] admin (::1) op.Login
Sep 21 22:52:17  [info] OI_RREE (::1) op.Login
Sep 21 22:52:27  [info] admin (::1) op.Login
Sep 21 22:52:36  [info] admin (::1) op.FolderAccess.php?formtoken=68ff11329bea3e9f08aa7415750d0a48&folderid=8&action=notinherit&mode=copy
Sep 21 22:56:56  [info] admin (::1) op.FolderAccess.php?formtoken=68ff11329bea3e9f08aa7415750d0a48&folderid=13&action=notinherit&mode=copy
Sep 21 22:57:14  [info] OI_BCR (::1) op.Login
Sep 21 22:57:19  [info] admin (::1) op.Login
Sep 21 22:59:10  [info] admin (::1) op.Settings.php&action=savesettings
Sep 21 23:11:30  [info] admin (::1) op.AddSubFolder?name=caca&folderid=1
Sep 21 23:11:36  [info] admin (::1) op.Ajax.php?command=deletefolder&id=14&formtoken=c8b77be47b54cb170dc84893f5a51384
Sep 21 23:11:42  [info] admin (::1) op.AddSubFolder?name=caca&folderid=1
Sep 21 23:11:54  [info] admin (::1) op.Ajax.php?command=deletefolder&id=15&formtoken=c8b77be47b54cb170dc84893f5a51384
Sep 21 23:19:27  [info] OI_BCR (::1) op.Login
Sep 21 23:21:05  [info] OI_RREE (::1) op.Login
Sep 21 23:37:41  [info] OI_BCR (::1) op.Login
