Oct 16 00:49:56  [info] admin (::1) op.Login
Oct 16 00:53:07  [info] admin (::1) op.ViewOnline.php?documentid=54&version=1
Oct 16 01:51:50  [error] admin (::1) op.OverrideContentStatus UI::exitError error=Estado de documento no válido pagetitle=Documento 'Reserva revocada'
Oct 16 01:52:51  [info] admin (::1) op.OverrideContentStatus?documentid=54
Oct 16 02:07:02  [error] admin (::1) op.OverrideContentStatus UI::exitError error=**op.OverrideContentStatus: No se pudo conectar a la tabla revocacionReservas , ** pagetitle=Documento 'ID de documento no válido'
Oct 16 02:08:11  [error] admin (::1) op.OverrideContentStatus UI::exitError error=**op.OverrideContentStatus: No se pudo conectar a la tabla revocacionReservas , ** pagetitle=Documento 'ID de documento no válido'
Oct 16 02:08:36  [error] admin (::1) op.OverrideContentStatus UI::exitError error=**op.OverrideContentStatus: No se pudo conectar a la tabla revocacionReservas 2017-10-16, 48** pagetitle=Documento 'ID de documento no válido'
Oct 16 02:08:51  [error] admin (::1) op.OverrideContentStatus UI::exitError error=**op.OverrideContentStatus: No se meter en la tabla revocacionReservas 2017-10-16, 48** pagetitle=Documento 'ID de documento no válido'
Oct 16 02:10:47  [error] admin (::1) op.OverrideContentStatus UI::exitError error=**op.OverrideContentStatus: No se puede meter en la tabla revocacionReservas 2017-10-16, 48** pagetitle=Documento 'ID de documento no válido'
Oct 16 02:11:10  [error] admin (::1) op.OverrideContentStatus UI::exitError error=**op.OverrideContentStatus: No se puede meter en la tabla revocacionReservas 48, 2017-10-16** pagetitle=Documento 'ID de documento no válido'
Oct 16 02:11:53  [error] admin (::1) op.OverrideContentStatus UI::exitError error=**op.OverrideContentStatus: No se puede meter en la tabla revocacionReservas 48, 16-10-2017** pagetitle=Documento 'ID de documento no válido'
Oct 16 02:16:43  [info] admin (::1) op.OverrideContentStatus?documentid=48
Oct 16 02:24:44  [info] admin (::1) op.Ajax.php?command=deletedocument&id=48&formtoken=033bdaf660ccf99f7d2d7832949a6fad
Oct 16 02:24:47  [info] admin (::1) op.Ajax.php?command=deletedocument&id=29&formtoken=033bdaf660ccf99f7d2d7832949a6fad
Oct 16 02:25:01  [info] admin (::1) op.Ajax.php?command=deletedocument&id=54&formtoken=033bdaf660ccf99f7d2d7832949a6fad
Oct 16 02:26:03  [info] admin (::1) op.SubstituteUser.php?userid=6&formtoken=d9e6d1099944b652680bdb1fb6090aa9?userid=6
Oct 16 02:26:24  [info] OI_BCR (::1) op.AddDocument?name=Reserva que revocaré&folderid=13
Oct 16 02:26:26  [info] OI_BCR (::1) op.ResetSu
Oct 16 02:26:52  [info] admin (::1) op.TriggerWorkflow?documentid=55&version1
Oct 16 02:27:20  [info] admin (::1) op.OverrideContentStatus?documentid=55
Oct 16 02:29:07  [info] admin (::1) op.TriggerWorkflow?documentid=21&version1
Oct 16 02:29:15  [info] admin (::1) op.ViewOnline.php?documentid=21&version=1
Oct 16 02:31:06  [info] admin (::1) op.Ajax.php?command=deletedocument&id=55&formtoken=033bdaf660ccf99f7d2d7832949a6fad
Oct 16 02:31:11  [info] admin (::1) op.SubstituteUser.php?userid=6&formtoken=d9e6d1099944b652680bdb1fb6090aa9?userid=6
Oct 16 02:31:27  [info] OI_BCR (::1) op.AddDocument?name=reserva revocadita&folderid=13
Oct 16 02:31:29  [info] OI_BCR (::1) op.ResetSu
Oct 16 02:31:37  [info] admin (::1) op.TriggerWorkflow?documentid=56&version1
Oct 16 02:32:15  [info] admin (::1) op.OverrideContentStatus?documentid=56
Oct 16 02:36:24  [info] OI_ALCAL_AHUAC (::1) op.Login
Oct 16 02:45:06  [info] admin (::1) op.Login
Oct 16 02:46:22  [info] admin (::1) op.Settings.php&action=savesettings
Oct 16 03:01:47  [info] admin (::1) op.Settings.php&action=savesettings
Oct 16 04:20:32  [info] admin (::1) op.Settings.php&action=savesettings
Oct 16 04:21:24  [info] admin (::1) op.Settings.php&action=savesettings
Oct 16 04:25:34  [info] admin (::1) op.Settings.php&action=savesettings
Oct 16 04:32:08  [info] admin (::1) op.Settings.php&action=savesettings
Oct 16 04:42:26  [info] admin (::1) op.Settings.php&action=savesettings
Oct 16 04:44:36  [info] OI_BCR (::1) op.Login
Oct 16 04:44:59  [error] OI_BCR (::1) op.AddDocument UI::exitError error=Subiendo un fichero vacío. -Subida cancelada. pagetitle=Carpeta 'Banco Central de Reserva'
Oct 16 04:45:12  [info] OI_BCR (::1) op.AddDocument?name=nuevo doc&folderid=13
Oct 16 04:46:59  [info] OI_BCR (::1) op.EditUserData?user=OI_BCR
Oct 16 04:47:11  [info] admin (::1) op.Login
Oct 16 04:47:25  [info] admin (::1) op.TriggerWorkflow?documentid=57&version1
Oct 16 04:50:35  [info] admin (::1) op.OverrideContentStatus?documentid=57
Oct 16 04:55:19  [info] admin (::1) op.TriggerWorkflow?documentid=53&version1
Oct 16 04:55:45  [info] admin (::1) op.TriggerWorkflow?documentid=53&version1
Oct 16 05:13:59  [info] admin (::1) op.TriggerWorkflow?documentid=20&version1
Oct 16 05:14:29  [info] admin (::1) op.TriggerWorkflow?documentid=50&version1
Oct 16 05:14:53  [info] OI_ALCAL_AHUAC (::1) op.Login
Oct 16 05:15:16  [info] OI_ALCAL_AHUAC (::1) op.EditUserData?user=OI_ALCAL_AHUAC
Oct 16 05:16:54  [error] OI_ALCAL_AHUAC (::1) op.EditAttributes UI::exitError error=El tipo de archivo subido no coincide con el existente en la versión actual pagetitle=Documento 'caquita'
Oct 16 05:17:40  [info] OI_ALCAL_AHUAC (::1) op.EditComment?documentid=50
Oct 16 05:18:13  [info] OI_ALCAL_AHUAC (::1) op.EditAttributes?documentid=50
Oct 16 05:18:42  [info] admin (::1) op.Login
Oct 16 05:18:59  [info] admin (::1) op.TriggerWorkflow?documentid=50&version1
Oct 16 05:22:49  [info] admin (::1) op.Login
Oct 16 05:28:11  [info] admin (::1) op.Login
Oct 16 05:57:09  [info] OI_BCR (::1) op.Login
Oct 16 14:48:52  [info] OI_BCR (::1) op.Login
Oct 16 14:51:59  [info] admin (::1) op.Login
Oct 16 14:55:15  [info] admin (::1) op.Login
Oct 16 14:55:28  [info] admin (::1) op.AddEvent?name=hh&from=1508104800&to=1508191199
Oct 16 14:55:38  [info] admin (::1) op.RemoveEvent?id=1
Oct 16 16:44:29  [info] OI_ALCAL_AHUAC (::1) op.Login
Oct 16 17:59:44  [info] admin (::1) op.Login
Oct 16 17:59:47  [info] admin (::1) op.ClearCache
Oct 16 18:00:00  [info] OI_BCR (::1) op.Login
Oct 16 18:00:12  [info] OI_BCR (::1) op.AddDocument?name=actadsa&folderid=13
Oct 16 18:01:08  [info] admin (::1) op.Login
Oct 16 18:01:21  [info] admin (::1) op.TriggerWorkflow?documentid=58&version1
Oct 16 18:01:42  [info] OI_BCR (::1) op.Login
Oct 16 18:02:03  [info] admin (::1) op.Login
Oct 16 18:30:36  [info] OI_BCR (::1) op.Login
Oct 16 18:32:02  [info] admin (::1) op.Login
Oct 16 19:02:45  [info] OI_BCR (::1) op.Login
