Oct 03 16:57:22  [info] admin (::1) op.Login
Oct 03 18:34:04  [info] admin (::1) op.Ajax.php?command=deletefolder&id=34&formtoken=4b60ddf578b793118bc7b0da14bc5c45
Oct 03 18:34:18  [info] admin (::1) op.Ajax.php?command=deletefolder&id=10&formtoken=4b60ddf578b793118bc7b0da14bc5c45
Oct 03 18:34:21  [info] admin (::1) op.Ajax.php?command=deletefolder&id=11&formtoken=4b60ddf578b793118bc7b0da14bc5c45
Oct 03 18:37:30  [info] OI_BCR (::1) op.Login
Oct 03 18:37:43  [info] OI_BCR (::1) op.Ajax.php?command=deletefolder&id=14&formtoken=696ac78850985f9e25eb5a4455fb6c43
Oct 03 18:37:45  [info] OI_BCR (::1) op.Ajax.php?command=deletefolder&id=35&formtoken=696ac78850985f9e25eb5a4455fb6c43
Oct 03 18:51:54  [info] admin (::1) op.Login
Oct 03 19:02:23  [info] admin (::1) op.AddDocument?name=actaAhuacpaba&folderid=33
Oct 03 19:02:38  [info] admin (::1) op.Ajax.php?command=deletedocument&id=42&formtoken=ff1b46fe270e69cdad3bcd2bd8911e09
Oct 03 19:12:57  [info] admin (::1) op.AddSubFolder?name=Alcaldia Municipal de Atiquizaya&folderid=18
Oct 03 19:17:34  [info] admin (::1) op.Ajax.php?command=tooglelockdocument&id=44
Oct 03 19:18:14  [info] admin (::1) op.Ajax.php?command=tooglelockdocument&id=32
Oct 03 19:18:25  [info] OI_SAN_FRAN_MENENDEZ (::1) op.Login
Oct 03 19:29:25  [info] admin (::1) op.Login
Oct 03 21:21:13  [info] OI_BCR (::1) op.Login
Oct 03 21:22:27  [info] admin (::1) op.Login
Oct 03 21:31:15  [info] OI_SAN_FRAN_MENENDEZ (::1) op.Login
Oct 03 21:59:09  [info] OI_SAN_FRAN_MENENDEZ (::1) op.Login
Oct 03 22:04:48  [info] admin (::1) op.Login
Oct 03 22:04:55  [info] OI_BCR (::1) op.Login
Oct 03 22:11:28  [info] admin (::1) op.Login
Oct 03 22:11:48  [info] OI_BCR (::1) op.Login
Oct 03 22:12:15  [info] OI_BCR (::1) op.Ajax.php?command=deletedocument&id=38&formtoken=5584f709b3a39e5abcb1f1dbb9aae90a
Oct 03 22:17:35  [info] admin (::1) op.Login
Oct 03 22:17:49  [info] OI_BCR (::1) op.Login
Oct 03 22:20:47  [info] admin (::1) op.Login
Oct 03 22:21:09  [info] admin (::1) op.Settings.php&action=savesettings
Oct 03 22:21:51  [info] guest (::1) out.ViewFolder.php%3Ffolderid%3D1%26showtree%3D1
Oct 03 22:22:47  [info] admin (::1) op.Login
Oct 03 22:22:54  [info] OI_BCR (::1) op.Login
Oct 03 22:26:44  [info] admin (::1) op.Login
Oct 03 22:31:50  [info] admin (::1) op.Login
Oct 03 22:32:04  [info] OI_BCR (::1) op.Login
Oct 03 22:33:38  [info] OI_BCR (::1) op.AddDocument?name=Catálogo de firmas autorizadas para aprobación de operaciones del BCR y sus respectivas notificaciones tanto permanentes como temporales;  y Catálogo de usuarios y claves de acceso al Sistema de Administración de Recursos Humanos y Sistema de la Clínica Médica.&folderid=13
Oct 03 22:34:01  [info] admin (::1) op.Login
Oct 03 22:34:54  [info] admin (::1) op.ViewOnline.php?documentid=48&version=1
Oct 03 22:35:20  [info] admin (::1) op.TriggerWorkflow?documentid=48&version1
Oct 03 22:35:31  [info] OI_BCR (::1) op.Login
Oct 03 23:28:17  [info] admin (::1) op.Login
