Sep 25 02:06:56  [info] admin (::1) op.SubstituteUser.php?userid=4&formtoken=55eb7ae65eeae6058dc87ce06f195243?userid=4
Sep 25 02:07:21  [info] OI_MOP (::1) op.AddDocument?name=nombresuperlarhgoooooooo&folderid=9
Sep 25 02:07:24  [info] OI_MOP (::1) op.ResetSu
Sep 25 02:23:12  [info] admin (::1) op.AddDocument?name=mi prueba&folderid=1
Sep 25 02:23:31  [info] admin (::1) op.EditDocument?documentid=23
Sep 25 03:18:20  [info] admin (::1) op.SubstituteUser.php?userid=6&formtoken=55eb7ae65eeae6058dc87ce06f195243?userid=6
Sep 25 03:18:31  [info] OI_BCR (::1) op.Download.php?documentid=12&version=1
Sep 25 03:18:58  [info] OI_BCR (::1) op.ResetSu
Sep 25 03:19:56  [info] admin (::1) op.Settings.php&action=savesettings
Sep 25 03:20:07  [info] admin (::1) op.Login
Sep 25 03:20:12  [info] admin (::1) op.SubstituteUser.php?userid=6&formtoken=2586606fa315cf2c475cf6817200d09a?userid=6
Sep 25 03:20:38  [info] OI_BCR (::1) op.ViewOnline.php?documentid=12&version=1
Sep 25 03:22:55  [info] OI_BCR (::1) op.ResetSu
Sep 25 05:12:07  [info] admin (::1) op.ViewOnline.php?documentid=12&version=1
Sep 25 05:13:07  [info] admin (::1) op.SubstituteUser.php?userid=6&formtoken=2586606fa315cf2c475cf6817200d09a?userid=6
Sep 25 05:13:17  [info] OI_BCR (::1) op.EditDocument?documentid=12
Sep 25 05:13:21  [info] OI_BCR (::1) op.ResetSu
Sep 25 07:14:51  [info] OI_BCR (::1) op.Login
Sep 25 07:18:35  [info] OI_BCR (::1) op.ViewOnline.php?documentid=12&version=1
Sep 25 07:20:26  [info] OI_MOP (::1) op.Login
Sep 25 07:24:45  [info] admin (::1) op.Login
Sep 25 07:36:50  [info] OI_RREE (::1) op.Login
Sep 25 17:06:42  [info] OI_RREE (::1) op.Login
Sep 25 18:55:50  [info] admin (::1) op.Login
Sep 25 19:59:11  [info] admin (::1) op.Login
Sep 25 19:59:32  [info] OI_BCR (::1) op.Login
Sep 25 20:00:52  [info] OI_BCR (::1) op.EditDocument?documentid=12
Sep 25 20:01:09  [info] OI_BCR (::1) op.Ajax.php?command=tooglelockdocument&id=12
Sep 25 20:03:39  [info] OI_BCR (::1) op.ViewOnline.php?documentid=12&version=1
Sep 25 20:04:08  [info] OI_BCR (::1) op.ViewOnline.php?documentid=12&version=1
Sep 25 20:04:57  [error] OI_BCR (::1) op.EditAttributes UI::exitError error=El tipo de archivo subido no coincide con el existente en la versi贸n actual pagetitle=Documento 'hjkhj'
Sep 25 20:08:07  [info] OI_BCR (::1) op.AddSubFolder?name=2017&folderid=13
Sep 25 20:16:59  [info] admin (::1) op.Login
Sep 25 20:18:34  [info] admin (::1) op.TriggerWorkflow?documentid=23&version1
Sep 25 20:24:07  [info] OI_BCR (::1) op.Login
Sep 25 20:29:55  [info] OI_BCR (::1) op.ViewOnline.php?documentid=12&version=1
Sep 25 20:30:05  [info] OI_BCR (::1) op.Download.php?documentid=12&version=1
Sep 25 20:30:22  [info] OI_BCR (::1) op.ViewOnline.php?documentid=12&version=1
Sep 25 20:30:50  [info] admin (::1) op.Login
Sep 25 20:31:35  [info] OI_BCR (::1) op.Login
Sep 25 20:31:55  [info] OI_BCR (::1) op.AddSubFolder?name=Actas de inexistencia&folderid=13
Sep 25 20:34:38  [info] admin (::1) op.Login
Sep 25 21:28:44  [info] admin (::1) op.Login
Sep 25 21:28:55  [info] OI_MOP (::1) op.Login
Sep 25 22:12:15  [info] OI_MOP (::1) op.EditAttributes?documentid=22
Sep 25 22:12:46  [info] admin (::1) op.Login
Sep 25 22:13:05  [info] admin (::1) op.TriggerWorkflow?documentid=22&version1
Sep 25 22:14:34  [error] admin (::1) op.EditAttributes UI::exitError error=El tipo de archivo subido no coincide con el existente en la versi贸n actual pagetitle=Documento 'nombresuperlarhgoooooooo'
Sep 25 22:14:46  [info] admin (::1) op.EditAttributes?documentid=22
Sep 25 22:14:58  [info] admin (::1) op.OverrideContentStatus?documentid=22
Sep 25 22:15:05  [info] admin (::1) op.ViewOnline.php?documentid=22&version=1
Sep 25 22:17:14  [info] admin (::1) op.Login
Sep 25 22:27:12  [info] admin (::1) op.Login
Sep 25 22:28:39  [info] admin (::1) op.Settings.php&action=savesettings
Sep 25 22:28:57  [info] admin (::1) op.EditDocument?documentid=23
Sep 25 22:29:13  [error] admin (::1) op.EditAttributes UI::exitError error=El tipo de archivo subido no coincide con el existente en la versi贸n actual pagetitle=Documento 'mi prueba'
Sep 25 22:29:20  [error] admin (::1) op.EditAttributes UI::exitError error=El tipo de archivo subido no coincide con el existente en la versi贸n actual pagetitle=Documento 'mi prueba'
Sep 25 22:29:26  [info] admin (::1) op.Download.php?documentid=23&version=1
Sep 25 22:29:42  [info] admin (::1) op.EditAttributes?documentid=23
Sep 25 22:30:47  [info] admin (::1) op.EditAttributes?documentid=23
Sep 25 22:31:23  [info] OI_MOP (::1) op.Login
Sep 25 22:32:05  [info] OI_MOP (::1) op.AddDocument?name=DOCMOP&folderid=9
Sep 25 22:32:17  [info] admin (::1) op.Login
Sep 25 22:32:36  [info] admin (::1) op.TriggerWorkflow?documentid=24&version1
Sep 25 22:32:46  [info] OI_MOP (::1) op.Login
Sep 25 22:33:05  [info] OI_MOP (::1) op.EditDocument?documentid=24
Sep 25 22:33:18  [info] admin (::1) op.Login
Sep 25 22:36:47  [info] OI_MOP (::1) op.Login
Sep 25 22:36:50  [info] OI_MOP (::1) op.Download.php?documentid=24&version=1
Sep 25 22:37:03  [info] OI_MOP (::1) op.Download.php?documentid=24&version=1
Sep 25 22:37:09  [info] OI_MOP (::1) op.Download.php?documentid=24&version=1
Sep 25 22:37:10  [info] OI_MOP (::1) op.Download.php?documentid=24&version=1
Sep 25 22:37:18  [info] OI_MOP (::1) op.Ajax.php?command=tooglelockdocument&id=24
Sep 25 22:37:26  [info] OI_MOP (::1) op.Download.php?documentid=24&version=1
Sep 25 22:37:33  [info] OI_MOP (::1) op.Download.php?documentid=24&version=1
Sep 25 22:37:38  [info] OI_MOP (::1) op.Download.php?documentid=24&version=1
Sep 25 22:38:17  [info] OI_MOP (::1) op.UpdateDocument?documentid=24
Sep 25 22:38:32  [info] admin (::1) op.Login
Sep 25 22:43:23  [info] admin (::1) op.TriggerWorkflow?documentid=24&version2
Sep 25 22:43:31  [info] OI_MOP (::1) op.Login
Sep 25 22:44:38  [info] admin (::1) op.Login
Sep 25 22:46:05  [info] admin (::1) op.Login
Sep 25 22:46:23  [info] admin (::1) op.SubstituteUser.php?userid=4&formtoken=031ee79955a6024a6750069b8b023742?userid=4
