Sep 13 01:44:05  [info] admin (::1) op.AddSubFolder?name=actas de inexistencia&folderid=1
Sep 13 02:02:15  [info] admin (::1) op.UsrMgr.php&action=adduser&login=marito
Sep 13 02:02:27  [info] marito (::1) op.Login
Sep 13 02:03:06  [info] admin (::1) op.Login
Sep 13 02:03:24  [info] admin (::1) op.UsrMgr.php&action=edituser&userid=3
Sep 13 02:04:02  [info] admin (::1) op.FolderAccess.php?formtoken=284baa034869aa1e24025a82f4e66b9a&action=setowner&folderid=2&ownerid=1
Sep 13 02:05:02  [info] admin (::1) op.EditFolder?folderid=2
Sep 13 02:07:03  [info] admin (::1) op.AddDocument?name=asda&folderid=2
Sep 13 02:08:10  [info] marito (::1) op.Login
Sep 13 02:08:38  [info] marito (::1) op.UsrMgr.php&action=edituser&userid=3
Sep 13 02:08:53  [info] marito (::1) op.ViewOnline.php?documentid=1&version=1
Sep 13 05:44:50  [info] admin (::1) op.Login
Sep 13 05:47:53  [info] admin (::1) op.FolderAccess.php?formtoken=7cb4366eafaa4b6ee982ef90f9caa90c&folderid=2&action=notinherit&mode=empty
Sep 13 05:48:06  [info] admin (::1) op.FolderAccess.php?formtoken=7cb4366eafaa4b6ee982ef90f9caa90c&folderid=2&action=setdefault&mode=3
Sep 13 05:48:15  [info] marito (::1) op.Login
Sep 13 05:48:55  [info] marito (::1) op.Ajax.php?command=tooglelockdocument&id=1
Sep 13 05:49:36  [info] marito (::1) op.Login
Sep 13 05:49:49  [info] admin (::1) op.Login
Sep 13 05:51:10  [info] admin (::1) op.FolderAccess.php?formtoken=f2b65e593c1cf9b795bdbb38c4d0f928&folderid=2&action=setdefault&mode=3
Sep 13 05:51:58  [info] admin (::1) op.FolderAccess.php?formtoken=f2b65e593c1cf9b795bdbb38c4d0f928&folderid=2&action=inherit
Sep 13 05:52:00  [info] admin (::1) op.FolderAccess.php?formtoken=f2b65e593c1cf9b795bdbb38c4d0f928&folderid=2&action=notinherit&mode=empty
Sep 13 05:52:12  [info] admin (::1) op.FolderAccess.php?formtoken=f2b65e593c1cf9b795bdbb38c4d0f928&folderid=2&action=setdefault&mode=3
Sep 13 05:53:35  [info] admin (::1) op.Settings.php&action=savesettings
Sep 13 05:55:10  [info] admin (::1) op.AddSubFolder?name=Declaratorias de reserva&folderid=1
Sep 13 05:55:22  [info] admin (::1) op.FolderAccess.php?formtoken=f2b65e593c1cf9b795bdbb38c4d0f928&folderid=3&action=notinherit&mode=empty
Sep 13 05:55:25  [info] admin (::1) op.FolderAccess.php?formtoken=f2b65e593c1cf9b795bdbb38c4d0f928&folderid=3&action=setdefault&mode=3
Sep 13 05:56:08  [info] marito (::1) op.Login
Sep 13 06:07:18  [info] admin (::1) op.Login
Sep 13 06:07:43  [info] admin (::1) op.GroupMgr&action=addgroup&name=Municipalidades
Sep 13 06:07:53  [info] admin (::1) op.GroupMgr?groupid=1&userid=3&action=addmember
Sep 13 06:07:58  [info] admin (::1) op.GroupMgr?groupid=1&userid=1&action=addmember
Sep 13 06:08:02  [info] admin (::1) op.GroupMgr?groupid=1&userid=3&action=tmanager
Sep 13 06:10:05  [info] admin (::1) op.Download.php?documentid=1&version=1
Sep 13 06:12:05  [info] admin (::1) op.ViewOnline.php?documentid=1&version=1
Sep 13 06:14:19  [info] admin (::1) op.UsrMgr.php&action=edituser&userid=3
Sep 13 06:18:53  [info] admin (::1) op.AddDocument?name=MARN_ACTA_12092017&folderid=2
Sep 13 06:20:21  [info] admin (::1) op.WorkflowStatesMgr.php&action=addworkflowstate&name=En aprobación
Sep 13 06:20:36  [info] admin (::1) op.WorkflowStatesMgr.php&action=addworkflowstate&name=Rechazado
Sep 13 06:20:45  [info] admin (::1) op.WorkflowStatesMgr.php&action=addworkflowstate&name=Aprobado
Sep 13 06:21:07  [info] admin (::1) op.WorkflowMgr.php&action=addworkflow&name=IAIP
Sep 13 06:21:40  [info] admin (::1) op.ViewOnline.php?documentid=2&version=1
Sep 13 06:22:40  [info] admin (::1) op.AddDocument?name=PRUEBA3&folderid=2
Sep 13 06:23:34  [info] marito (::1) op.Login
Sep 13 06:25:14  [info] marito (::1) op.AddDocument?name=PRUEBA_MARITO&folderid=2
Sep 13 06:25:43  [info] marito (::1) op.Ajax.php?command=tooglelockdocument&id=3
Sep 13 06:25:47  [info] marito (::1) op.Ajax.php?command=tooglelockdocument&id=3
Sep 13 06:25:51  [info] marito (::1) op.Ajax.php?command=tooglelockdocument&id=3
Sep 13 06:25:54  [info] marito (::1) op.Ajax.php?command=tooglelockdocument&id=3
Sep 13 06:26:11  [info] admin (::1) op.Login
Sep 13 06:26:35  [info] admin (::1) op.DocumentAccess.php?formtoken=34bef8ea41282b4db3df42ce31fd80d0&documentid=5&action=notinherit&mode=empty
Sep 13 06:27:58  [info] admin (::1) op.WorkflowActionsMgr.php&action=addworkflowaction&name=Aprobar
Sep 13 06:28:06  [info] admin (::1) op.WorkflowActionsMgr.php&action=editworkflowaction&workflowactionid=1
Sep 13 06:28:17  [info] admin (::1) op.WorkflowActionsMgr.php&action=addworkflowaction&name=Rechazar
Sep 13 06:29:32  [info] admin (::1) op.AddTransitionToWorkflow?workflow=1&transition1
Sep 13 06:39:30  [info] admin (::1) op.AddTransitionToWorkflow?workflow=1&transition2
Sep 13 06:39:37  [info] admin (::1) op.RemoveTransitionFromWorkflow?workflow=1&transition2
Sep 13 06:39:48  [info] admin (::1) op.AddTransitionToWorkflow?workflow=1&transition3
Sep 13 06:41:19  [info] admin (::1) op.WorkflowStatesMgr.php&action=editworkflowstate&workflowstateid=
Sep 13 06:41:32  [info] admin (::1) op.RemoveTransitionFromWorkflow?workflow=1&transition3
Sep 13 06:42:10  [info] admin (::1) op.AddTransitionToWorkflow?workflow=1&transition4
Sep 13 06:47:27  [info] admin (::1) op.TriggerWorkflow?documentid=4&version1
Sep 13 06:49:50  [info] admin (::1) op.TriggerWorkflow?documentid=5&version1
Sep 13 06:50:03  [info] admin (::1) op.Login
Sep 13 06:50:18  [info] marito (::1) op.Login
Sep 13 06:51:12  [info] admin (::1) op.Login
Sep 13 06:54:48  [info] admin (::1) op.Ajax.php?command=deletedocument&id=6&formtoken=58df4a3c48a7db03cfe65da0b8aa0a28
Sep 13 07:46:17  [info] admin (::1) op.EditFolder?folderid=2
Sep 13 08:41:39  [info] admin (::1) op.ViewOnline.php?documentid=1&version=1
Sep 13 08:42:01  [error] admin (::1) op.EditDocument UI::exitError error=Formato de numero entero ingresado incorrecto pagetitle=Documento 'asda'
Sep 13 08:42:57  [info] admin (::1) op.ViewOnline.php?documentid=1&version=1
Sep 13 08:43:08  [info] admin (::1) op.EditDocument?documentid=1
Sep 13 08:43:19  [info] admin (::1) op.ViewOnline.php?documentid=2&version=1
Sep 13 08:43:50  [info] admin (::1) op.EditDocument?documentid=2
Sep 13 08:50:50  [info] admin (::1) op.ViewOnline.php?documentid=1&version=1
Sep 13 09:00:25  [info] admin (::1) op.EditDocument?documentid=4
Sep 13 16:42:46  [info] admin (::1) op.Login
Sep 13 16:43:43  [info] admin (::1) op.DocumentAccess.php?formtoken=f42ad4b17af695b01a7af4a89040636a&action=setowner&documentid=4&ownerid=3
Sep 13 16:43:45  [info] admin (::1) op.DocumentAccess.php?formtoken=f42ad4b17af695b01a7af4a89040636a&action=setowner&documentid=4&ownerid=3
Sep 13 16:45:23  [info] admin (::1) op.UsrMgr.php&action=edituser&userid=1
Sep 13 16:45:58  [info] admin (::1) op.Login
Sep 13 16:46:11  [info] admin (::1) op.Login
Sep 13 16:46:37  [info] admin (::1) op.Login
Sep 13 16:48:10  [info] admin (::1) op.DocumentAccess.php?formtoken=dbe8df44ee0ec339b3f00fdd6b2a6265&documentid=1&action=notinherit&mode=copy
Sep 13 16:48:24  [info] admin (::1) op.DocumentAccess.php?formtoken=dbe8df44ee0ec339b3f00fdd6b2a6265&documentid=1&action=setdefault&mode=2
Sep 13 16:48:40  [info] marito (::1) op.Login
Sep 13 16:50:49  [info] marito (::1) op.DocumentAccess.php?formtoken=01720958970f26e0074a421b8e5178dd&documentid=5&action=setdefault&mode=2
Sep 13 16:51:15  [info] admin (::1) op.Login
Sep 13 16:52:34  [info] admin (::1) op.FolderAccess.php?formtoken=c58f32b25471dbe8349fce3691faabbd&folderid=2&action=inherit
Sep 13 16:52:36  [info] admin (::1) op.FolderAccess.php?formtoken=c58f32b25471dbe8349fce3691faabbd&folderid=2&action=notinherit&mode=copy
Sep 13 16:53:05  [info] admin (::1) op.FolderAccess.php?formtoken=c58f32b25471dbe8349fce3691faabbd&folderid=2&action=setdefault&mode=2
Sep 13 16:53:20  [info] marito (::1) op.Login
Sep 13 17:05:12  [info] admin (::1) op.Login
Sep 13 17:43:29  [info] admin (::1) op.AddDocument?name=ya paso&folderid=2
Sep 13 17:46:03  [info] admin (::1) op.Settings.php&action=savesettings
Sep 13 17:47:00  [info] admin (::1) op.AddSubFolder?name=Alcaldía San Salvador&folderid=1
Sep 13 17:59:04  [info] marito (::1) op.Login
Sep 13 18:00:19  [info] admin (::1) op.Login
Sep 13 18:00:25  [info] admin (::1) op.ViewOnline.php?documentid=1&version=1
