Sep 22 01:00:21  [info] OI_BCR (::1) op.AddDocument?name=hjkhj&folderid=13
Sep 22 01:00:46  [info] admin (::1) op.Login
Sep 22 01:40:29  [info] OI_BCR (::1) op.Login
Sep 22 01:49:34  [info] admin (::1) op.Login
Sep 22 01:50:15  [info] OI_BCR (::1) op.Login
Sep 22 17:13:15  [info] admin (::1) op.Login
Sep 22 17:13:30  [info] admin (::1) op.Settings.php&action=savesettings
Sep 22 17:14:05  [info] admin (::1) op.AddDocument?name=das&folderid=1
Sep 22 17:14:43  [info] OI_MOP (::1) op.Login
Sep 22 17:17:24  [info] OI_MOP (::1) op.AddDocument?name=DECMOP&folderid=9
Sep 22 17:18:42  [info] OI_MOP (::1) op.Ajax.php?command=deletedocument&id=20&formtoken=76e8bde925f67e0d1bb8b50372507fa7
Sep 22 17:18:48  [info] admin (::1) op.Login
Sep 22 17:19:24  [info] admin (::1) op.ViewOnline.php?documentid=19&version=1
Sep 22 17:20:55  [info] admin (::1) op.Login
Sep 22 17:30:15  [info] admin (::1) op.UsrMgr.php&action=edituser&userid=1
Sep 22 17:30:35  [info] admin (::1) op.Login
Sep 22 17:30:41  [info] OI_BCR (::1) op.Login
Sep 22 17:30:50  [info] admin (::1) op.Login
Sep 22 17:31:41  [info] admin (::1) op.Settings.php&action=savesettings
Sep 22 17:34:51  [info] admin (::1) op.Settings.php&action=savesettings
Sep 22 17:38:24  [info] admin (::1) op.Settings.php&action=savesettings
Sep 22 17:42:27  [info] admin (::1) op.Settings.php&action=savesettings
Sep 22 17:44:01  [info] OI_MOP (::1) op.Login
Sep 22 17:45:09  [info] admin (::1) op.Login
Sep 22 17:45:35  [info] admin (::1) op.TriggerWorkflow?documentid=12&version1
Sep 22 17:54:52  [info] admin (::1) op.Login
