Sep 29 00:01:38  [info] OI_BCR (::1) op.Login
Sep 29 00:02:06  [info] OI_BCR (::1) op.EditDocument?documentid=33
Sep 29 00:02:57  [info] OI_BCR (::1) op.UpdateDocument?documentid=33
Sep 29 00:04:12  [info] admin (::1) op.Login
Sep 29 00:04:51  [info] admin (::1) op.TriggerWorkflow?documentid=33&version2
Sep 29 00:05:09  [info] admin (::1) op.Login
Sep 29 00:08:10  [info] admin (::1) op.WorkflowStatesMgr.php&action=editworkflowstate&workflowstateid=
Sep 29 00:08:13  [info] admin (::1) op.WorkflowStatesMgr.php&action=editworkflowstate&workflowstateid=
Sep 29 00:08:27  [info] admin (::1) op.ViewOnline.php?documentid=33&version=2
Sep 29 00:08:46  [info] admin (::1) op.OverrideContentStatus?documentid=33
Sep 29 00:08:59  [info] admin (::1) op.Download.php?documentid=33&version=2
Sep 29 00:09:02  [info] admin (::1) op.ViewOnline.php?documentid=33&version=2
Sep 29 00:09:41  [info] admin (::1) op.Ajax.php?command=deletedocument&id=33&formtoken=835149a5ad6a3cc00cffe3adf2d87ae2
Sep 29 00:12:29  [info] admin (::1) op.RemoveTransitionFromWorkflow?workflow=1&transition6
Sep 29 00:12:59  [info] admin (::1) op.AddTransitionToWorkflow?workflow=1&transition7
Sep 29 00:20:43  [info] admin (::1) op.WorkflowStatesMgr.php&action=editworkflowstate&workflowstateid=
Sep 29 00:20:51  [info] admin (::1) op.WorkflowStatesMgr.php&action=editworkflowstate&workflowstateid=
Sep 29 00:21:22  [info] admin (::1) op.WorkflowStatesMgr.php&action=editworkflowstate&workflowstateid=
Sep 29 00:25:57  [info] admin (::1) op.RemoveTransitionFromWorkflow?workflow=1&transition7
Sep 29 00:26:09  [info] admin (::1) op.AddTransitionToWorkflow?workflow=1&transition8
Sep 29 00:28:19  [info] admin (::1) op.Settings.php&action=savesettings
Sep 29 00:31:52  [info] admin (::1) op.RemoveTransitionFromWorkflow?workflow=1&transition8
Sep 29 00:32:07  [error] admin (::1) op.AddTransitionToWorkflow UI::exitError error=Falta usuario/grupo para transición pagetitle=**workflow_title**
Sep 29 00:32:13  [error] admin (::1) op.AddTransitionToWorkflow UI::exitError error=Estado inicial y final son iguales pagetitle=**workflow_title**
Sep 29 00:32:30  [info] admin (::1) op.AddTransitionToWorkflow?workflow=1&transition9
Sep 29 00:33:09  [info] admin (::1) op.TriggerWorkflow?documentid=34&version1
Sep 29 00:34:25  [info] admin (::1) op.RemoveTransitionFromWorkflow?workflow=1&transition9
Sep 29 00:35:06  [info] admin (::1) op.RemoveWorkflowState?workflowstateid=4
Sep 29 00:35:52  [info] admin (::1) op.AddTransitionToWorkflow?workflow=1&transition10
Sep 29 00:38:33  [info] admin (::1) op.TriggerWorkflow?documentid=25&version1
Sep 29 00:38:51  [info] OI_RREE (::1) op.Login
Sep 29 00:39:21  [info] admin (::1) op.Login
Sep 29 00:39:29  [info] admin (::1) op.RemoveTransitionFromWorkflow?workflow=1&transition10
Sep 29 00:41:31  [info] admin (::1) op.RemoveTransitionFromWorkflow?workflow=1&transition4
Sep 29 00:41:50  [error] admin (::1) op.AddTransitionToWorkflow UI::exitError error=Estado inicial y final son iguales pagetitle=**workflow_title**
Sep 29 00:42:27  [error] admin (::1) op.AddTransitionToWorkflow UI::exitError error=Falta usuario/grupo para transición pagetitle=**workflow_title**
Sep 29 00:42:37  [info] admin (::1) op.AddTransitionToWorkflow?workflow=1&transition11
Sep 29 00:43:16  [info] admin (::1) op.WorkflowStatesMgr.php&action=addworkflowstate&name=En corrección
Sep 29 00:44:39  [info] admin (::1) op.WorkflowActionsMgr.php&action=addworkflowaction&name=Solicitar corrección
Sep 29 00:44:59  [info] admin (::1) op.AddTransitionToWorkflow?workflow=1&transition12
Sep 29 00:46:16  [info] admin (::1) op.RemoveTransitionFromWorkflow?workflow=1&transition11
Sep 29 00:46:32  [info] admin (::1) op.AddTransitionToWorkflow?workflow=1&transition13
Sep 29 00:47:25  [info] admin (::1) op.TriggerWorkflow?documentid=20&version1
Sep 29 00:47:38  [info] admin (::1) op.SubstituteUser.php?userid=5&formtoken=dcd32fbc402e72cf0dfba4a859d35b1b?userid=5
Sep 29 00:48:33  [info] OI_RREE (::1) op.ResetSu
Sep 29 00:49:11  [info] admin (::1) op.AddTransitionToWorkflow?workflow=1&transition14
Sep 29 00:53:35  [info] admin (::1) op.SubstituteUser.php?userid=5&formtoken=dcd32fbc402e72cf0dfba4a859d35b1b?userid=5
Sep 29 00:54:05  [error] OI_RREE (::1) op.EditAttributes UI::exitError error=El tipo de archivo subido no coincide con el existente en la versión actual pagetitle=Documento 'HOLA MARIO'
Sep 29 00:54:17  [info] OI_RREE (::1) op.EditAttributes?documentid=20
Sep 29 00:54:40  [info] OI_RREE (::1) op.ResetSu
Sep 29 00:56:25  [error] admin (::1) op.AddTransitionToWorkflow UI::exitError error=Estado inicial y final son iguales pagetitle=**workflow_title**
Sep 29 00:57:01  [info] admin (::1) op.AddTransitionToWorkflow?workflow=1&transition15
Sep 29 00:59:53  [info] admin (::1) op.SubstituteUser.php?userid=7&formtoken=dcd32fbc402e72cf0dfba4a859d35b1b?userid=7
Sep 29 01:00:40  [info] OI_SAN_FRAN_MENENDEZ (::1) op.AddDocument?name=Cobros de la alcaldía de San Francisco Menénde&folderid=32
Sep 29 01:01:03  [info] OI_SAN_FRAN_MENENDEZ (::1) op.ResetSu
Sep 29 01:01:32  [info] admin (::1) op.TriggerWorkflow?documentid=35&version1
Sep 29 01:02:07  [info] admin (::1) op.SubstituteUser.php?userid=7&formtoken=dcd32fbc402e72cf0dfba4a859d35b1b?userid=7
Sep 29 01:02:53  [info] OI_SAN_FRAN_MENENDEZ (::1) op.EditAttributes?documentid=35
Sep 29 01:03:00  [info] OI_SAN_FRAN_MENENDEZ (::1) op.ResetSu
Sep 29 01:04:28  [info] admin (::1) op.TriggerWorkflow?documentid=35&version1
Sep 29 01:05:01  [info] OI_SAN_FRAN_MENENDEZ (::1) op.Login
Sep 29 01:11:10  [info] OI_BCR (::1) op.Login
Sep 29 01:12:40  [info] OI_BCR (::1) op.AddDocument?name=Documentos que contengan información transaccional o detallada relacionada con la gestión de las Reservas Internacionales.&folderid=13
Sep 29 01:15:07  [info] admin (::1) op.Login
Sep 29 01:19:49  [info] admin (::1) op.TriggerWorkflow?documentid=36&version1
Sep 29 01:21:00  [info] OI_BCR (::1) op.Login
Sep 29 01:24:42  [info] OI_BCR (::1) op.EditAttributes?documentid=36
Sep 29 01:26:22  [info] admin (::1) op.Login
Sep 29 01:26:44  [info] OI_BCR (::1) op.Login
Sep 29 01:27:00  [info] OI_BCR (::1) op.EditAttributes?documentid=36
Sep 29 01:27:05  [info] OI_BCR (::1) op.ViewOnline.php?documentid=36&version=1
Sep 29 01:28:02  [info] OI_BCR (::1) op.Download.php?documentid=36&version=1
Sep 29 01:29:03  [info] admin (::1) op.Login
Sep 29 01:30:23  [info] admin (::1) op.TriggerWorkflow?documentid=36&version1
Sep 29 01:32:55  [info] OI_BCR (::1) op.Login
Sep 29 01:34:13  [info] OI_BCR (::1) op.UpdateDocument?documentid=36
Sep 29 01:34:22  [info] admin (::1) op.Login
Sep 29 01:38:21  [info] admin (::1) op.ViewOnline.php?documentid=35&version=1
Sep 29 01:39:14  [info] OI_SAN_FRAN_MENENDEZ (::1) op.Login
Sep 29 01:39:34  [info] OI_SAN_FRAN_MENENDEZ (::1) op.UpdateDocument?documentid=35
Sep 29 01:39:41  [info] admin (::1) op.Login
Sep 29 01:41:55  [info] admin (::1) op.TriggerWorkflow?documentid=35&version2
Sep 29 01:42:02  [info] OI_SAN_FRAN_MENENDEZ (::1) op.Login
Sep 29 01:43:25  [info] OI_SAN_FRAN_MENENDEZ (::1) op.ViewOnline.php?documentid=35&version=2
Sep 29 01:43:49  [info] admin (::1) op.Login
Sep 29 01:45:14  [info] admin (::1) op.WorkflowStatesMgr.php&action=editworkflowstate&workflowstateid=
Sep 29 01:49:54  [info] admin (::1) op.TriggerWorkflow?documentid=36&version2
Sep 29 01:50:32  [error] admin (::1) op.TriggerWorkflow UI::exitError error=Documento sin flujo de trabajo pagetitle=Documento 'Documentos que contengan información transaccional o detallada relacionada con la gestión de las Reservas Internacionales.'
Sep 29 01:51:23  [info] admin (::1) op.AddFile?name=Resolución 1-2017&documentid=36
Sep 29 01:51:43  [info] admin (::1) op.OverrideContentStatus?documentid=36
Sep 29 01:58:56  [info] OI_BCR (::1) op.Login
Sep 29 02:00:17  [info] admin (::1) op.Login
Sep 29 02:00:24  [info] OI_BCR (::1) op.Login
Sep 29 02:03:06  [info] OI_BCR (::1) op.Login
Sep 29 02:03:31  [info] OI_BCR (::1) op.AddDocument?name=dasd&folderid=13
Sep 29 02:05:03  [info] OI_BCR (::1) op.EditAttributes?documentid=37
Sep 29 02:05:31  [info] OI_BCR (::1) op.EditDocument?documentid=37
Sep 29 02:07:12  [info] admin (::1) op.Login
Sep 29 04:36:01  [info] admin (::1) op.Login
Sep 29 04:36:37  [info] admin (::1) op.TriggerWorkflow?documentid=37&version1
Sep 29 04:36:54  [info] admin (::1) op.OverrideContentStatus?documentid=37
Sep 29 04:37:34  [info] admin (::1) op.ViewOnline.php?documentid=37&version=1
Sep 29 04:38:25  [info] OI_SAN_FRAN_MENENDEZ (::1) op.Login
Sep 29 04:55:24  [info] OI_SAN_FRAN_MENENDEZ (::1) op.AddSubFolder?name=2018&folderid=32
Sep 29 04:55:40  [info] OI_BCR (::1) op.Login
Sep 29 04:57:39  [info] OI_BCR (::1) op.Ajax.php?command=deletefolder&id=15&formtoken=05b5e5638484ab9b611ac9d9672c5529
Sep 29 05:31:57  [error] OI_BCR (::1) op.AddDocument UI::exitError error=Subiendo un fichero vacío. -Subida cancelada. pagetitle=Carpeta 'Banco Central de Reserva'
Sep 29 05:32:08  [info] OI_BCR (::1) op.AddDocument?name=ACTA122&folderid=13
Sep 29 05:32:36  [info] OI_SAN_FRAN_MENENDEZ (::1) op.Login
Sep 29 05:32:52  [info] OI_SAN_FRAN_MENENDEZ (::1) op.AddDocument?name=smacta&folderid=32
Sep 29 05:33:13  [info] admin (::1) op.Login
Sep 29 05:33:35  [info] admin (::1) op.TriggerWorkflow?documentid=39&version1
Sep 29 05:49:49  [info] OI_SAN_FRAN_MENENDEZ (::1) op.Login
Sep 29 05:50:58  [info] OI_SAN_FRAN_MENENDEZ (::1) op.ViewOnline.php?documentid=39&version=1
Sep 29 05:51:15  [info] OI_SAN_FRAN_MENENDEZ (::1) op.EditDocument?documentid=34
Sep 29 06:04:18  [info] OI_SAN_FRAN_MENENDEZ (::1) op.EditDocument?documentid=32
Sep 29 06:04:34  [info] OI_SAN_FRAN_MENENDEZ (::1) op.ViewOnline.php?documentid=32&version=1
Sep 29 06:04:52  [info] OI_SAN_FRAN_MENENDEZ (::1) op.ViewOnline.php?documentid=32&version=1
Sep 29 06:07:18  [info] OI_SAN_FRAN_MENENDEZ (::1) op.ViewOnline.php?documentid=32&version=1
Sep 29 06:26:14  [info] admin (::1) op.Login
Sep 29 06:30:54  [info] OI_SAN_FRAN_MENENDEZ (::1) op.Login
Sep 29 06:31:20  [info] OI_SAN_FRAN_MENENDEZ (::1) op.ViewOnline.php?documentid=39&version=1
Sep 29 06:59:23  [info] admin (::1) op.Login
Sep 29 07:46:16  [info] OI_SAN_FRAN_MENENDEZ (::1) op.Login
Sep 29 07:46:24  [info] OI_BCR (::1) op.Login
Sep 29 17:46:45  [info] OI_BCR (::1) op.Login
Sep 29 17:52:26  [info] admin (::1) op.Login
Sep 29 18:57:33  [info] OI_BCR (::1) op.Login
Sep 29 19:04:29  [error] OI_BCR (::1) op.AddDocument UI::exitError error=Subiendo un fichero vacío. -Subida cancelada. pagetitle=Carpeta 'Banco Central de Reserva'
Sep 29 19:04:44  [info] OI_BCR (::1) op.AddDocument?name=Documentos relativos a la administración, recepción, custodia y suministro de especies monetarias.&folderid=13
Sep 29 19:06:03  [info] admin (::1) op.Login
Sep 29 19:07:12  [info] admin (::1) op.ViewOnline.php?documentid=40&version=1
Sep 29 19:08:09  [info] admin (::1) op.TriggerWorkflow?documentid=40&version1
Sep 29 19:08:27  [info] OI_BCR (::1) op.Login
Sep 29 19:09:38  [info] OI_BCR (::1) op.EditAttributes?documentid=40
Sep 29 19:09:47  [info] admin (::1) op.Login
Sep 29 19:10:23  [info] admin (::1) op.TriggerWorkflow?documentid=40&version1
Sep 29 19:10:36  [info] OI_BCR (::1) op.Login
Sep 29 19:10:46  [info] OI_BCR (::1) op.Download.php?documentid=40&version=1
Sep 29 19:10:48  [info] OI_BCR (::1) op.ViewOnline.php?documentid=40&version=1
Sep 29 19:12:24  [info] OI_BCR (::1) op.UpdateDocument?documentid=40
Sep 29 19:12:49  [info] admin (::1) op.Login
Sep 29 19:13:29  [info] admin (::1) op.TriggerWorkflow?documentid=40&version2
Sep 29 19:14:06  [info] OI_BCR (::1) op.Login
Sep 29 19:14:50  [info] OI_BCR (::1) op.AddSubFolder?name=2018&folderid=13
Sep 29 19:15:13  [error] OI_BCR (::1) op.MoveDocument.php?documentid=38&targetid=&targetnameformDoc38=2018 UI::exitError error=ID de carpeta destino no válido pagetitle=Documento 'ACTA122'
Sep 29 19:18:43  [info] OI_SAN_FRAN_MENENDEZ (::1) op.Login
Sep 29 19:19:28  [info] OI_SAN_FRAN_MENENDEZ (::1) op.Ajax.php?command=tooglelockdocument&id=32
Sep 29 19:19:42  [info] OI_SAN_FRAN_MENENDEZ (::1) op.Ajax.php?command=tooglelockdocument&id=32
Sep 29 19:19:49  [info] OI_SAN_FRAN_MENENDEZ (::1) op.EditDocument?documentid=32
Sep 29 19:24:05  [info] OI_SAN_FRAN_MENENDEZ (::1) op.Ajax.php?command=movedocument&docid=39&targetfolderid=34&formtoken=5aca1340375c4c96e9ad287d22e712d5
Sep 29 19:26:52  [info] admin (::1) op.Login
Sep 29 19:33:22  [info] guest (::1) out.ViewFolder.php%3Ffolderid%3D1%26showtree%3D1
Sep 29 19:33:29  [info] admin (::1) op.Login
Sep 29 19:33:29  [info] admin (::1) op.Login
Sep 29 19:35:21  [info] admin (::1) op.Login
