Oct 17 00:18:26  [info] admin (::1) op.ViewOnline.php?documentid=50&version=1
Oct 17 00:23:35  [info] admin (::1) op.AddSubFolder?name=jaja&folderid=18
Oct 17 00:23:48  [info] admin (::1) op.Ajax.php?command=deletefolder&id=39&formtoken=7f3cadabc04fcca91a090f87ae973f12
Oct 17 00:27:23  [info] admin (::1) op.ClearCache
Oct 17 00:28:35  [info] OI_BCR (::1) op.Login
Oct 17 00:32:56  [info] OI_ALCAL_AHUAC (::1) op.Login
Oct 17 00:41:28  [info] admin (::1) op.Login
Oct 17 00:43:14  [info] OI_RREE (::1) op.Login
Oct 17 00:43:19  [info] OI_RREE (::1) op.Ajax.php?command=deletedocument&id=25&formtoken=9737041acaabbf7868d65b10754bd13d
Oct 17 00:43:44  [info] OI_RREE (::1) op.AddDocument?name=Acta de inexistencia RREEE&folderid=8
Oct 17 00:44:11  [info] admin (::1) op.Login
Oct 17 00:44:24  [info] admin (::1) op.TriggerWorkflow?documentid=59&version1
Oct 17 00:46:20  [info] admin (::1) op.OverrideContentStatus?documentid=59
Oct 17 00:46:50  [info] admin (::1) op.AddFile?name=Resolución 1 2018&documentid=59
Oct 17 00:51:56  [info] admin (::1) op.Ajax.php?command=deletedocument&id=59&formtoken=cbb2aa41aa8878d7a4a3970e12875f06
Oct 17 00:51:59  [info] admin (::1) op.Ajax.php?command=deletedocument&id=20&formtoken=cbb2aa41aa8878d7a4a3970e12875f06
Oct 17 00:52:01  [info] admin (::1) op.Ajax.php?command=deletedocument&id=21&formtoken=cbb2aa41aa8878d7a4a3970e12875f06
Oct 17 00:58:51  [info] admin (::1) op.Ajax.php?command=deletedocument&id=44&formtoken=cbb2aa41aa8878d7a4a3970e12875f06
Oct 17 00:58:55  [info] admin (::1) op.Ajax.php?command=deletedocument&id=43&formtoken=cbb2aa41aa8878d7a4a3970e12875f06
Oct 17 03:23:59  [info] admin (::1) op.Login
Oct 17 03:27:07  [info] admin (::1) op.ClearCache
Oct 17 03:27:25  [info] admin (::1) op.ClearCache
Oct 17 03:27:54  [info] admin (::1) op.ClearCache
Oct 17 03:28:20  [info] admin (::1) op.ClearCache
Oct 17 03:28:45  [info] OI_MOP (::1) op.Login
Oct 17 03:31:30  [info] admin (::1) op.Login
Oct 17 03:31:33  [info] admin (::1) op.ClearCache
