Oct 12 01:04:13  [info] OI_BCR (::1) op.Login
Oct 12 01:06:01  [info] admin (::1) op.Login
Oct 12 04:47:50  [info] admin (::1) op.Login
Oct 12 14:36:22  [info] admin (::1) op.Login
Oct 12 16:27:15  [info] admin (::1) op.ClearCache
Oct 12 16:27:40  [info] admin (::1) op.ClearCache
Oct 12 16:29:08  [info] admin (::1) op.ClearCache
Oct 12 16:29:46  [info] admin (::1) op.ClearCache
Oct 12 16:29:56  [info] admin (::1) op.ClearCache
Oct 12 17:59:55  [info] admin (::1) op.Login
Oct 12 18:00:00  [info] admin (::1) op.ClearCache
Oct 12 18:00:14  [info] admin (::1) op.ClearCache
Oct 12 18:01:36  [info] admin (::1) op.ClearCache
Oct 12 18:01:57  [info] admin (::1) op.ClearCache
Oct 12 18:11:30  [info] admin (::1) op.ClearCache
Oct 12 18:12:45  [info] admin (::1) op.ClearCache
Oct 12 18:20:29  [info] admin (::1) op.ClearCache
Oct 12 18:26:33  [info] admin (::1) op.ClearCache
Oct 12 18:31:14  [info] admin (::1) op.ClearCache
Oct 12 18:34:25  [info] admin (::1) op.ClearCache
Oct 12 18:35:15  [info] admin (::1) op.ClearCache
Oct 12 18:37:33  [info] admin (::1) op.ClearCache
Oct 12 18:41:46  [info] admin (::1) op.ClearCache
Oct 12 18:44:54  [info] admin (::1) op.ViewOnline.php?documentid=29&version=1
Oct 12 18:52:57  [info] admin (::1) op.ClearCache
Oct 12 18:53:23  [info] admin (::1) op.ClearCache
Oct 12 18:54:57  [info] admin (::1) op.TriggerWorkflow?documentid=44&version1
Oct 12 18:55:17  [info] admin (::1) op.ClearCache
Oct 12 19:02:27  [info] admin (::1) op.ClearCache
Oct 12 19:32:15  [info] admin (::1) op.ClearCache
Oct 12 19:32:58  [info] admin (::1) op.ClearCache
Oct 12 19:36:47  [info] admin (::1) op.ClearCache
Oct 12 19:38:05  [info] admin (::1) op.ClearCache
Oct 12 19:40:50  [info] admin (::1) op.ClearCache
Oct 12 19:42:23  [info] admin (::1) op.ClearCache
Oct 12 19:43:42  [info] admin (::1) op.Login
Oct 12 19:46:26  [info] admin (::1) op.ClearCache
Oct 12 19:46:59  [info] admin (::1) op.ClearCache
Oct 12 19:51:11  [info] admin (::1) op.ClearCache
Oct 12 19:52:29  [info] admin (::1) op.ClearCache
Oct 12 21:56:50  [info] admin (::1) op.ClearCache
Oct 12 21:57:19  [info] admin (::1) op.ClearCache
Oct 12 22:04:10  [info] admin (::1) op.ClearCache
Oct 12 22:06:42  [info] admin (::1) op.ClearCache
Oct 12 22:07:00  [info] admin (::1) op.ClearCache
Oct 12 22:10:23  [info] admin (::1) op.ClearCache
Oct 12 22:23:01  [info] admin (::1) op.ClearCache
Oct 12 22:24:45  [info] admin (::1) op.ClearCache
Oct 12 22:25:45  [info] admin (::1) op.ClearCache
Oct 12 22:31:07  [info] admin (::1) op.ClearCache
Oct 12 22:35:27  [info] admin (::1) op.ClearCache
Oct 12 22:38:36  [info] admin (::1) op.ClearCache
Oct 12 22:44:11  [info] admin (::1) op.ClearCache
Oct 12 22:44:50  [info] admin (::1) op.ClearCache
Oct 12 22:46:23  [info] admin (::1) op.ClearCache
Oct 12 22:51:18  [info] admin (::1) op.ClearCache
Oct 12 22:52:35  [info] OI_BCR (::1) op.Login
Oct 12 22:52:50  [info] OI_BCR (::1) op.AddDocument?name=A ver si este&folderid=13
Oct 12 22:53:00  [info] admin (::1) op.Login
Oct 12 22:53:09  [info] admin (::1) op.ClearCache
Oct 12 22:53:55  [info] admin (::1) op.Ajax.php?command=deletedocument&id=41&formtoken=a5c3a0ef1c311cf25a8306e7d0ff98b8
Oct 12 22:53:57  [info] admin (::1) op.Ajax.php?command=deletedocument&id=47&formtoken=a5c3a0ef1c311cf25a8306e7d0ff98b8
Oct 12 22:54:02  [info] OI_ALCAL_AHUAC (::1) op.Login
Oct 12 22:54:20  [info] OI_ALCAL_AHUAC (::1) op.AddDocument?name=caquita&folderid=33
Oct 12 22:54:32  [info] OI_ALCAL_AHUAC (::1) op.EditDocument?documentid=50
Oct 12 22:54:51  [info] admin (::1) op.Login
Oct 12 22:54:54  [info] admin (::1) op.ClearCache
Oct 12 23:01:02  [info] admin (::1) op.ClearCache
Oct 12 23:03:18  [info] admin (::1) op.ClearCache
Oct 12 23:05:01  [info] admin (::1) op.ClearCache
Oct 12 23:05:10  [info] admin (::1) op.ClearCache
Oct 12 23:06:08  [info] admin (::1) op.ClearCache
Oct 12 23:10:35  [info] admin (::1) op.ClearCache
Oct 12 23:12:31  [info] admin (::1) op.ClearCache
Oct 12 23:16:27  [info] admin (::1) op.ClearCache
Oct 12 23:16:55  [info] admin (::1) op.ClearCache
Oct 12 23:17:30  [info] admin (::1) op.ClearCache
Oct 12 23:17:55  [info] admin (::1) op.ClearCache
Oct 12 23:18:09  [info] admin (::1) op.ClearCache
Oct 12 23:18:23  [info] admin (::1) op.ClearCache
Oct 12 23:25:20  [info] OI_BCR (::1) op.Login
Oct 12 23:25:56  [info] admin (::1) op.Login
Oct 12 23:49:21  [info] admin (::1) op.ClearCache
Oct 12 23:52:23  [info] admin (::1) op.ExtensionMgr
Oct 12 23:52:24  [info] admin (::1) op.ExtensionMgr
Oct 12 23:55:00  [info] admin (::1) op.ClearCache
Oct 12 23:56:28  [info] admin (::1) op.AddSubFolder?name=CENTA&folderid=16
Oct 12 23:56:33  [info] admin (::1) op.ClearCache
