Jan 09 07:02:31  [info] OI_BCR (::1) op.Login
Jan 09 10:26:53  [info] OI_BCR (::1) op.ViewOnline.php?documentid=82&version=1
Jan 09 10:36:21  [info] OI_BCR (::1) op.ViewOnline.php?documentid=85&version=1
Jan 09 10:36:32  [info] OI_BCR (::1) op.Download.php?documentid=85&version=1
Jan 09 10:36:42  [info] OI_BCR (::1) op.Download.php?documentid=84&version=1
Jan 09 10:36:45  [info] OI_BCR (::1) op.Download.php?documentid=84&version=1
Jan 09 10:36:57  [info] OI_BCR (::1) op.ViewOnline.php?documentid=82&version=1
Jan 09 10:52:58  [info] admin (::1) op.Login
Jan 09 10:53:24  [info] OI_BCR (::1) op.Login
Jan 09 11:02:15  [info] OI_BCR (::1) op.Download.php?documentid=86&version=1
Jan 09 11:03:59  [info] admin (::1) op.Login
Jan 09 11:04:13  [info] admin (::1) op.TriggerWorkflow?documentid=86&version1
Jan 09 11:04:23  [info] OI_BCR (::1) op.Login
Jan 09 11:06:53  [info] OI_BCR (::1) op.EditUserData?user=OI_BCR
Jan 09 11:08:36  [info] admin (::1) op.Login
Jan 09 11:08:49  [info] OI_BCR (::1) op.Login
Jan 09 11:09:22  [info] OI_BCR (::1) op.Ajax.php?command=deletedocument&id=86&formtoken=aa3975979f3dc778da2a0f154e707d69
Jan 09 11:09:25  [info] OI_BCR (::1) op.Ajax.php?command=deletedocument&id=85&formtoken=aa3975979f3dc778da2a0f154e707d69
Jan 09 11:09:27  [info] OI_BCR (::1) op.Ajax.php?command=deletedocument&id=84&formtoken=aa3975979f3dc778da2a0f154e707d69
Jan 09 11:09:30  [info] OI_BCR (::1) op.Ajax.php?command=deletedocument&id=83&formtoken=aa3975979f3dc778da2a0f154e707d69
Jan 09 11:15:00  [info] OI_BCR (::1) op.Download.php?documentid=88&version=1
Jan 09 11:16:43  [info] OI_BCR (::1) op.Download.php?documentid=88&version=1
Jan 09 11:19:29  [info] OI_BCR (::1) op.Download.php?documentid=89&version=1
Jan 09 15:48:20  [info] OI_BCR (::1) op.Login
Jan 09 15:49:34  [info] OI_BCR (::1) op.Ajax.php?command=deletedocument&id=94&formtoken=69985cc9ad3b622cf10668e376498e7e
Jan 09 15:49:37  [info] OI_BCR (::1) op.Ajax.php?command=deletedocument&id=89&formtoken=69985cc9ad3b622cf10668e376498e7e
Jan 09 16:07:52  [info] guest (::1) out.ViewFolder.php%3Ffolderid%3D1%26showtree%3D1
Jan 09 16:10:22  [info] OI_BCR (::1) op.Login
Jan 09 16:11:55  [info] admin (::1) op.Login
